  CombinationPermutation.cpp
e:\0_college\软工实践\第二次作业\代码\sudoku\sudoku\sudoku\combinationpermutation.cpp(67): warning C4018: “>”: 有符号/无符号不匹配
e:\0_college\软工实践\第二次作业\代码\sudoku\sudoku\sudoku\combinationpermutation.cpp(70): warning C4018: “<”: 有符号/无符号不匹配
  CheckBoxRepete.cpp
  正在生成代码...
  正在编译...
  main.cpp
e:\0_college\软工实践\第二次作业\代码\sudoku\sudoku\sudoku\main.cpp(27): warning C4018: “<”: 有符号/无符号不匹配
e:\0_college\软工实践\第二次作业\代码\sudoku\sudoku\sudoku\main.cpp(35): warning C4244: “=”: 从“double”转换到“int”，可能丢失数据
e:\0_college\软工实践\第二次作业\代码\sudoku\sudoku\sudoku\main.cpp(17): warning C4996: 'freopen': This function or variable may be unsafe. Consider using freopen_s instead. To disable deprecation, use _CRT_SECURE_NO_WARNINGS. See online help for details.
  c:\program files (x86)\windows kits\10\include\10.0.15063.0\ucrt\stdio.h(242): note: 参见“freopen”的声明
  SudoGenerator.cpp
e:\0_college\软工实践\第二次作业\代码\sudoku\sudoku\sudoku\sudogenerator.cpp(82): warning C4018: “<”: 有符号/无符号不匹配
e:\0_college\软工实践\第二次作业\代码\sudoku\sudoku\sudoku\sudogenerator.cpp(109): warning C4018: “<”: 有符号/无符号不匹配
  正在生成代码...
CombinationPermutation.obj : error LNK2019: 无法解析的外部符号 "void __cdecl Combination(class std::vector<int,class std::allocator<int> > const &,int)" (?Combination@@YAXABV?$vector@HV?$allocator@H@std@@@std@@H@Z)，该符号在函数 "void __cdecl Combination_Permutation2(class std::vector<int,class std::allocator<int> > &,int)" (?Combination_Permutation2@@YAXAAV?$vector@HV?$allocator@H@std@@@std@@H@Z) 中被引用
CombinationPermutation.obj : error LNK2001: 无法解析的外部符号 "class std::vector<int,class std::allocator<int> > vec" (?vec@@3V?$vector@HV?$allocator@H@std@@@std@@A)
CombinationPermutation.obj : error LNK2001: 无法解析的外部符号 "class std::vector<class std::vector<int,class std::allocator<int> >,class std::allocator<class std::vector<int,class std::allocator<int> > > > arrange" (?arrange@@3V?$vector@V?$vector@HV?$allocator@H@std@@@std@@V?$allocator@V?$vector@HV?$allocator@H@std@@@std@@@2@@std@@A)
SudoGenerator.obj : error LNK2001: 无法解析的外部符号 "class std::vector<class std::vector<int,class std::allocator<int> >,class std::allocator<class std::vector<int,class std::allocator<int> > > > arrange" (?arrange@@3V?$vector@V?$vector@HV?$allocator@H@std@@@std@@V?$allocator@V?$vector@HV?$allocator@H@std@@@std@@@2@@std@@A)
CombinationPermutation.obj : error LNK2001: 无法解析的外部符号 "class std::vector<class std::vector<int,class std::allocator<int> >,class std::allocator<class std::vector<int,class std::allocator<int> > > > combination" (?combination@@3V?$vector@V?$vector@HV?$allocator@H@std@@@std@@V?$allocator@V?$vector@HV?$allocator@H@std@@@std@@@2@@std@@A)
SudoGenerator.obj : error LNK2019: 无法解析的外部符号 "void __cdecl Combination_Permutation2(class std::vector<int,class std::allocator<int> > const &,int)" (?Combination_Permutation2@@YAXABV?$vector@HV?$allocator@H@std@@@std@@H@Z)，该符号在函数 "void __cdecl SudoGenerator(int,int (*)[9])" (?SudoGenerator@@YAXHPAY08H@Z) 中被引用
D:\0_System\Opencv\IDE\opencv\myBuild\install\x64\vc15\lib\opencv_aruco320d.lib : warning LNK4272: 库计算机类型“x64”与目标计算机类型“X86”冲突
D:\0_System\Opencv\IDE\opencv\myBuild\install\x64\vc15\lib\opencv_bgsegm320d.lib : warning LNK4272: 库计算机类型“x64”与目标计算机类型“X86”冲突
D:\0_System\Opencv\IDE\opencv\myBuild\install\x64\vc15\lib\opencv_bioinspired320d.lib : warning LNK4272: 库计算机类型“x64”与目标计算机类型“X86”冲突
D:\0_System\Opencv\IDE\opencv\myBuild\install\x64\vc15\lib\opencv_calib3d320d.lib : warning LNK4272: 库计算机类型“x64”与目标计算机类型“X86”冲突
D:\0_System\Opencv\IDE\opencv\myBuild\install\x64\vc15\lib\opencv_ccalib320d.lib : warning LNK4272: 库计算机类型“x64”与目标计算机类型“X86”冲突
D:\0_System\Opencv\IDE\opencv\myBuild\install\x64\vc15\lib\opencv_core320d.lib : warning LNK4272: 库计算机类型“x64”与目标计算机类型“X86”冲突
D:\0_System\Opencv\IDE\opencv\myBuild\install\x64\vc15\lib\opencv_datasets320d.lib : warning LNK4272: 库计算机类型“x64”与目标计算机类型“X86”冲突
D:\0_System\Opencv\IDE\opencv\myBuild\install\x64\vc15\lib\opencv_dnn320d.lib : warning LNK4272: 库计算机类型“x64”与目标计算机类型“X86”冲突
D:\0_System\Opencv\IDE\opencv\myBuild\install\x64\vc15\lib\opencv_dpm320d.lib : warning LNK4272: 库计算机类型“x64”与目标计算机类型“X86”冲突
D:\0_System\Opencv\IDE\opencv\myBuild\install\x64\vc15\lib\opencv_face320d.lib : warning LNK4272: 库计算机类型“x64”与目标计算机类型“X86”冲突
D:\0_System\Opencv\IDE\opencv\myBuild\install\x64\vc15\lib\opencv_features2d320d.lib : warning LNK4272: 库计算机类型“x64”与目标计算机类型“X86”冲突
D:\0_System\Opencv\IDE\opencv\myBuild\install\x64\vc15\lib\opencv_flann320d.lib : warning LNK4272: 库计算机类型“x64”与目标计算机类型“X86”冲突
D:\0_System\Opencv\IDE\opencv\myBuild\install\x64\vc15\lib\opencv_fuzzy320d.lib : warning LNK4272: 库计算机类型“x64”与目标计算机类型“X86”冲突
D:\0_System\Opencv\IDE\opencv\myBuild\install\x64\vc15\lib\opencv_highgui320d.lib : warning LNK4272: 库计算机类型“x64”与目标计算机类型“X86”冲突
D:\0_System\Opencv\IDE\opencv\myBuild\install\x64\vc15\lib\opencv_imgcodecs320d.lib : warning LNK4272: 库计算机类型“x64”与目标计算机类型“X86”冲突
D:\0_System\Opencv\IDE\opencv\myBuild\install\x64\vc15\lib\opencv_imgproc320d.lib : warning LNK4272: 库计算机类型“x64”与目标计算机类型“X86”冲突
D:\0_System\Opencv\IDE\opencv\myBuild\install\x64\vc15\lib\opencv_line_descriptor320d.lib : warning LNK4272: 库计算机类型“x64”与目标计算机类型“X86”冲突
D:\0_System\Opencv\IDE\opencv\myBuild\install\x64\vc15\lib\opencv_ml320d.lib : warning LNK4272: 库计算机类型“x64”与目标计算机类型“X86”冲突
D:\0_System\Opencv\IDE\opencv\myBuild\install\x64\vc15\lib\opencv_objdetect320d.lib : warning LNK4272: 库计算机类型“x64”与目标计算机类型“X86”冲突
D:\0_System\Opencv\IDE\opencv\myBuild\install\x64\vc15\lib\opencv_optflow320d.lib : warning LNK4272: 库计算机类型“x64”与目标计算机类型“X86”冲突
D:\0_System\Opencv\IDE\opencv\myBuild\install\x64\vc15\lib\opencv_phase_unwrapping320d.lib : warning LNK4272: 库计算机类型“x64”与目标计算机类型“X86”冲突
D:\0_System\Opencv\IDE\opencv\myBuild\install\x64\vc15\lib\opencv_photo320d.lib : warning LNK4272: 库计算机类型“x64”与目标计算机类型“X86”冲突
D:\0_System\Opencv\IDE\opencv\myBuild\install\x64\vc15\lib\opencv_plot320d.lib : warning LNK4272: 库计算机类型“x64”与目标计算机类型“X86”冲突
D:\0_System\Opencv\IDE\opencv\myBuild\install\x64\vc15\lib\opencv_reg320d.lib : warning LNK4272: 库计算机类型“x64”与目标计算机类型“X86”冲突
D:\0_System\Opencv\IDE\opencv\myBuild\install\x64\vc15\lib\opencv_rgbd320d.lib : warning LNK4272: 库计算机类型“x64”与目标计算机类型“X86”冲突
D:\0_System\Opencv\IDE\opencv\myBuild\install\x64\vc15\lib\opencv_saliency320d.lib : warning LNK4272: 库计算机类型“x64”与目标计算机类型“X86”冲突
D:\0_System\Opencv\IDE\opencv\myBuild\install\x64\vc15\lib\opencv_shape320d.lib : warning LNK4272: 库计算机类型“x64”与目标计算机类型“X86”冲突
D:\0_System\Opencv\IDE\opencv\myBuild\install\x64\vc15\lib\opencv_stereo320d.lib : warning LNK4272: 库计算机类型“x64”与目标计算机类型“X86”冲突
D:\0_System\Opencv\IDE\opencv\myBuild\install\x64\vc15\lib\opencv_stitching320d.lib : warning LNK4272: 库计算机类型“x64”与目标计算机类型“X86”冲突
D:\0_System\Opencv\IDE\opencv\myBuild\install\x64\vc15\lib\opencv_structured_light320d.lib : warning LNK4272: 库计算机类型“x64”与目标计算机类型“X86”冲突
D:\0_System\Opencv\IDE\opencv\myBuild\install\x64\vc15\lib\opencv_superres320d.lib : warning LNK4272: 库计算机类型“x64”与目标计算机类型“X86”冲突
D:\0_System\Opencv\IDE\opencv\myBuild\install\x64\vc15\lib\opencv_surface_matching320d.lib : warning LNK4272: 库计算机类型“x64”与目标计算机类型“X86”冲突
D:\0_System\Opencv\IDE\opencv\myBuild\install\x64\vc15\lib\opencv_text320d.lib : warning LNK4272: 库计算机类型“x64”与目标计算机类型“X86”冲突
D:\0_System\Opencv\IDE\opencv\myBuild\install\x64\vc15\lib\opencv_tracking320d.lib : warning LNK4272: 库计算机类型“x64”与目标计算机类型“X86”冲突
D:\0_System\Opencv\IDE\opencv\myBuild\install\x64\vc15\lib\opencv_video320d.lib : warning LNK4272: 库计算机类型“x64”与目标计算机类型“X86”冲突
D:\0_System\Opencv\IDE\opencv\myBuild\install\x64\vc15\lib\opencv_videoio320d.lib : warning LNK4272: 库计算机类型“x64”与目标计算机类型“X86”冲突
D:\0_System\Opencv\IDE\opencv\myBuild\install\x64\vc15\lib\opencv_videostab320d.lib : warning LNK4272: 库计算机类型“x64”与目标计算机类型“X86”冲突
D:\0_System\Opencv\IDE\opencv\myBuild\install\x64\vc15\lib\opencv_xfeatures2d320d.lib : warning LNK4272: 库计算机类型“x64”与目标计算机类型“X86”冲突
D:\0_System\Opencv\IDE\opencv\myBuild\install\x64\vc15\lib\opencv_ximgproc320d.lib : warning LNK4272: 库计算机类型“x64”与目标计算机类型“X86”冲突
D:\0_System\Opencv\IDE\opencv\myBuild\install\x64\vc15\lib\opencv_xobjdetect320d.lib : warning LNK4272: 库计算机类型“x64”与目标计算机类型“X86”冲突
D:\0_System\Opencv\IDE\opencv\myBuild\install\x64\vc15\lib\opencv_xphoto320d.lib : warning LNK4272: 库计算机类型“x64”与目标计算机类型“X86”冲突
E:\0_College\软工实践\第二次作业\代码\sudoku\sudoku\Debug\sudoku.exe : fatal error LNK1120: 5 个无法解析的外部命令
